[2026-06-24 11:21:47] local.ERROR: The command defined in "App\Console\Commands\DispatchDueBroadcastsCommand" cannot have an empty name. {"exception":"[object] (Symfony\\Component\\Console\\Exception\\LogicException(code: 0): The command defined in \"App\\Console\\Commands\\DispatchDueBroadcastsCommand\" cannot have an empty name. at /Users/ilxomjonabdullayev/Public/Projects/statups/open-sales/pos-desktop/vendor/symfony/console/Application.php:591)
[stacktrace]
#0 /Users/ilxomjonabdullayev/Public/Projects/statups/open-sales/pos-desktop/vendor/laravel/framework/src/Illuminate/Console/Application.php(262): Symfony\\Component\\Console\\Application->addCommand(Object(App\\Console\\Commands\\DispatchDueBroadcastsCommand))
#1 /Users/ilxomjonabdullayev/Public/Projects/statups/open-sales/pos-desktop/vendor/laravel/framework/src/Illuminate/Console/Application.php(250): Illuminate\\Console\\Application->addToParent(Object(App\\Console\\Commands\\DispatchDueBroadcastsCommand))
#2 /Users/ilxomjonabdullayev/Public/Projects/statups/open-sales/pos-desktop/vendor/laravel/framework/src/Illuminate/Console/Application.php(235): Illuminate\\Console\\Application->addCommand(Object(App\\Console\\Commands\\DispatchDueBroadcastsCommand))
#3 /Users/ilxomjonabdullayev/Public/Projects/statups/open-sales/pos-desktop/vendor/laravel/framework/src/Illuminate/Console/Application.php(294): Illuminate\\Console\\Application->add(Object(App\\Console\\Commands\\DispatchDueBroadcastsCommand))
#4 /Users/ilxomjonabdullayev/Public/Projects/statups/open-sales/pos-desktop/vendor/laravel/framework/src/Illuminate/Foundation/Console/Kernel.php(386): Illuminate\\Console\\Application->resolve('App\\\\Console\\\\Com...')
#5 /Users/ilxomjonabdullayev/Public/Projects/statups/open-sales/pos-desktop/vendor/laravel/framework/src/Illuminate/Console/Application.php(133): Illuminate\\Foundation\\Console\\Kernel->{closure:Illuminate\\Foundation\\Console\\Kernel::load():385}(Object(Illuminate\\Console\\Application))
#6 /Users/ilxomjonabdullayev/Public/Projects/statups/open-sales/pos-desktop/vendor/laravel/framework/src/Illuminate/Console/Application.php(80): Illuminate\\Console\\Application->bootstrap()
#7 /Users/ilxomjonabdullayev/Public/Projects/statups/open-sales/pos-desktop/vendor/laravel/framework/src/Illuminate/Foundation/Console/Kernel.php(560): Illuminate\\Console\\Application->__construct(Object(Illuminate\\Foundation\\Application), Object(Illuminate\\Events\\Dispatcher), '12.62.0')
#8 /Users/ilxomjonabdullayev/Public/Projects/statups/open-sales/pos-desktop/vendor/laravel/framework/src/Illuminate/Foundation/Console/Kernel.php(198): Illuminate\\Foundation\\Console\\Kernel->getArtisan()
#9 /Users/ilxomjonabdullayev/Public/Projects/statups/open-sales/pos-desktop/vendor/laravel/framework/src/Illuminate/Foundation/Application.php(1235): Illuminate\\Foundation\\Console\\Kernel->handle(Object(Symfony\\Component\\Console\\Input\\ArgvInput), Object(Symfony\\Component\\Console\\Output\\ConsoleOutput))
#10 /Users/ilxomjonabdullayev/Public/Projects/statups/open-sales/pos-desktop/artisan(16): Illuminate\\Foundation\\Application->handleCommand(Object(Symfony\\Component\\Console\\Input\\ArgvInput))
#11 {main}
"} 
[2026-06-24 11:26:17] local.ERROR: There are no commands defined in the "native" namespace. {"exception":"[object] (Symfony\\Component\\Console\\Exception\\NamespaceNotFoundException(code: 0): There are no commands defined in the \"native\" namespace. at /Users/ilxomjonabdullayev/Public/Projects/statups/open-sales/pos-desktop/vendor/symfony/console/Application.php:694)
[stacktrace]
#0 /Users/ilxomjonabdullayev/Public/Projects/statups/open-sales/pos-desktop/vendor/symfony/console/Application.php(743): Symfony\\Component\\Console\\Application->findNamespace('native')
#1 /Users/ilxomjonabdullayev/Public/Projects/statups/open-sales/pos-desktop/vendor/symfony/console/Application.php(298): Symfony\\Component\\Console\\Application->find('native:install')
#2 /Users/ilxomjonabdullayev/Public/Projects/statups/open-sales/pos-desktop/vendor/symfony/console/Application.php(195): Symfony\\Component\\Console\\Application->doRun(Object(Symfony\\Component\\Console\\Input\\ArgvInput), Object(Symfony\\Component\\Console\\Output\\ConsoleOutput))
#3 /Users/ilxomjonabdullayev/Public/Projects/statups/open-sales/pos-desktop/vendor/laravel/framework/src/Illuminate/Foundation/Console/Kernel.php(198): Symfony\\Component\\Console\\Application->run(Object(Symfony\\Component\\Console\\Input\\ArgvInput), Object(Symfony\\Component\\Console\\Output\\ConsoleOutput))
#4 /Users/ilxomjonabdullayev/Public/Projects/statups/open-sales/pos-desktop/vendor/laravel/framework/src/Illuminate/Foundation/Application.php(1235): Illuminate\\Foundation\\Console\\Kernel->handle(Object(Symfony\\Component\\Console\\Input\\ArgvInput), Object(Symfony\\Component\\Console\\Output\\ConsoleOutput))
#5 /Users/ilxomjonabdullayev/Public/Projects/statups/open-sales/pos-desktop/artisan(16): Illuminate\\Foundation\\Application->handleCommand(Object(Symfony\\Component\\Console\\Input\\ArgvInput))
#6 {main}
"} 
[2026-06-24 12:43:25] local.ERROR: TTY mode requires /dev/tty to be read/writable. {"exception":"[object] (Symfony\\Component\\Process\\Exception\\RuntimeException(code: 0): TTY mode requires /dev/tty to be read/writable. at /Users/ilxomjonabdullayev/Public/Projects/statups/open-sales/pos-desktop/vendor/symfony/process/Process.php:1082)
[stacktrace]
#0 /Users/ilxomjonabdullayev/Public/Projects/statups/open-sales/pos-desktop/vendor/laravel/framework/src/Illuminate/Process/PendingProcess.php(321): Symfony\\Component\\Process\\Process->setTty(true)
#1 /Users/ilxomjonabdullayev/Public/Projects/statups/open-sales/pos-desktop/vendor/laravel/framework/src/Illuminate/Process/PendingProcess.php(248): Illuminate\\Process\\PendingProcess->toSymfonyProcess('npm install')
#2 /Users/ilxomjonabdullayev/Public/Projects/statups/open-sales/pos-desktop/vendor/nativephp/electron/src/Traits/ExecuteCommand.php(39): Illuminate\\Process\\PendingProcess->run('npm install', Object(Closure))
#3 /Users/ilxomjonabdullayev/Public/Projects/statups/open-sales/pos-desktop/vendor/nativephp/electron/src/Traits/Installer.php(35): Native\\Electron\\Commands\\DevelopCommand->executeCommand('npm install', false, 'install', false)
#4 /Users/ilxomjonabdullayev/Public/Projects/statups/open-sales/pos-desktop/vendor/nativephp/electron/src/Traits/Installer.php(24): Native\\Electron\\Commands\\DevelopCommand->installDependencies('npm', false)
#5 /Users/ilxomjonabdullayev/Public/Projects/statups/open-sales/pos-desktop/vendor/nativephp/electron/src/Commands/DevelopCommand.php(37): Native\\Electron\\Commands\\DevelopCommand->installNPMDependencies(true, 'npm', false)
#6 /Users/ilxomjonabdullayev/Public/Projects/statups/open-sales/pos-desktop/vendor/laravel/framework/src/Illuminate/Container/BoundMethod.php(36): Native\\Electron\\Commands\\DevelopCommand->handle()
#7 /Users/ilxomjonabdullayev/Public/Projects/statups/open-sales/pos-desktop/vendor/laravel/framework/src/Illuminate/Container/Util.php(43): Illuminate\\Container\\BoundMethod::{closure:Illuminate\\Container\\BoundMethod::call():35}()
#8 /Users/ilxomjonabdullayev/Public/Projects/statups/open-sales/pos-desktop/vendor/laravel/framework/src/Illuminate/Container/BoundMethod.php(96): Illuminate\\Container\\Util::unwrapIfClosure(Object(Closure))
#9 /Users/ilxomjonabdullayev/Public/Projects/statups/open-sales/pos-desktop/vendor/laravel/framework/src/Illuminate/Container/BoundMethod.php(35): Illuminate\\Container\\BoundMethod::callBoundMethod(Object(Illuminate\\Foundation\\Application), Array, Object(Closure))
#10 /Users/ilxomjonabdullayev/Public/Projects/statups/open-sales/pos-desktop/vendor/laravel/framework/src/Illuminate/Container/Container.php(799): Illuminate\\Container\\BoundMethod::call(Object(Illuminate\\Foundation\\Application), Array, Array, NULL)
#11 /Users/ilxomjonabdullayev/Public/Projects/statups/open-sales/pos-desktop/vendor/laravel/framework/src/Illuminate/Console/Command.php(211): Illuminate\\Container\\Container->call(Array)
#12 /Users/ilxomjonabdullayev/Public/Projects/statups/open-sales/pos-desktop/vendor/symfony/console/Command/Command.php(341): Illuminate\\Console\\Command->execute(Object(Symfony\\Component\\Console\\Input\\ArgvInput), Object(Illuminate\\Console\\OutputStyle))
#13 /Users/ilxomjonabdullayev/Public/Projects/statups/open-sales/pos-desktop/vendor/laravel/framework/src/Illuminate/Console/Command.php(180): Symfony\\Component\\Console\\Command\\Command->run(Object(Symfony\\Component\\Console\\Input\\ArgvInput), Object(Illuminate\\Console\\OutputStyle))
#14 /Users/ilxomjonabdullayev/Public/Projects/statups/open-sales/pos-desktop/vendor/symfony/console/Application.php(1117): Illuminate\\Console\\Command->run(Object(Symfony\\Component\\Console\\Input\\ArgvInput), Object(Symfony\\Component\\Console\\Output\\ConsoleOutput))
#15 /Users/ilxomjonabdullayev/Public/Projects/statups/open-sales/pos-desktop/vendor/symfony/console/Application.php(356): Symfony\\Component\\Console\\Application->doRunCommand(Object(Native\\Electron\\Commands\\DevelopCommand), Object(Symfony\\Component\\Console\\Input\\ArgvInput), Object(Symfony\\Component\\Console\\Output\\ConsoleOutput))
#16 /Users/ilxomjonabdullayev/Public/Projects/statups/open-sales/pos-desktop/vendor/symfony/console/Application.php(195): Symfony\\Component\\Console\\Application->doRun(Object(Symfony\\Component\\Console\\Input\\ArgvInput), Object(Symfony\\Component\\Console\\Output\\ConsoleOutput))
#17 /Users/ilxomjonabdullayev/Public/Projects/statups/open-sales/pos-desktop/vendor/laravel/framework/src/Illuminate/Foundation/Console/Kernel.php(198): Symfony\\Component\\Console\\Application->run(Object(Symfony\\Component\\Console\\Input\\ArgvInput), Object(Symfony\\Component\\Console\\Output\\ConsoleOutput))
#18 /Users/ilxomjonabdullayev/Public/Projects/statups/open-sales/pos-desktop/vendor/laravel/framework/src/Illuminate/Foundation/Application.php(1235): Illuminate\\Foundation\\Console\\Kernel->handle(Object(Symfony\\Component\\Console\\Input\\ArgvInput), Object(Symfony\\Component\\Console\\Output\\ConsoleOutput))
#19 /Users/ilxomjonabdullayev/Public/Projects/statups/open-sales/pos-desktop/artisan(16): Illuminate\\Foundation\\Application->handleCommand(Object(Symfony\\Component\\Console\\Input\\ArgvInput))
#20 {main}
"} 
[2026-06-24 12:49:45] local.ERROR: TTY mode requires /dev/tty to be read/writable. {"exception":"[object] (Symfony\\Component\\Process\\Exception\\RuntimeException(code: 0): TTY mode requires /dev/tty to be read/writable. at /Users/ilxomjonabdullayev/Public/Projects/statups/open-sales/pos-desktop/vendor/symfony/process/Process.php:1082)
[stacktrace]
#0 /Users/ilxomjonabdullayev/Public/Projects/statups/open-sales/pos-desktop/vendor/laravel/framework/src/Illuminate/Process/PendingProcess.php(321): Symfony\\Component\\Process\\Process->setTty(true)
#1 /Users/ilxomjonabdullayev/Public/Projects/statups/open-sales/pos-desktop/vendor/laravel/framework/src/Illuminate/Process/PendingProcess.php(248): Illuminate\\Process\\PendingProcess->toSymfonyProcess('npm install')
#2 /Users/ilxomjonabdullayev/Public/Projects/statups/open-sales/pos-desktop/vendor/nativephp/electron/src/Traits/ExecuteCommand.php(39): Illuminate\\Process\\PendingProcess->run('npm install', Object(Closure))
#3 /Users/ilxomjonabdullayev/Public/Projects/statups/open-sales/pos-desktop/vendor/nativephp/electron/src/Traits/Installer.php(35): Native\\Electron\\Commands\\DevelopCommand->executeCommand('npm install', false, 'install', false)
#4 /Users/ilxomjonabdullayev/Public/Projects/statups/open-sales/pos-desktop/vendor/nativephp/electron/src/Traits/Installer.php(24): Native\\Electron\\Commands\\DevelopCommand->installDependencies('npm', false)
#5 /Users/ilxomjonabdullayev/Public/Projects/statups/open-sales/pos-desktop/vendor/nativephp/electron/src/Commands/DevelopCommand.php(37): Native\\Electron\\Commands\\DevelopCommand->installNPMDependencies(true, 'npm', false)
#6 /Users/ilxomjonabdullayev/Public/Projects/statups/open-sales/pos-desktop/vendor/laravel/framework/src/Illuminate/Container/BoundMethod.php(36): Native\\Electron\\Commands\\DevelopCommand->handle()
#7 /Users/ilxomjonabdullayev/Public/Projects/statups/open-sales/pos-desktop/vendor/laravel/framework/src/Illuminate/Container/Util.php(43): Illuminate\\Container\\BoundMethod::{closure:Illuminate\\Container\\BoundMethod::call():35}()
#8 /Users/ilxomjonabdullayev/Public/Projects/statups/open-sales/pos-desktop/vendor/laravel/framework/src/Illuminate/Container/BoundMethod.php(96): Illuminate\\Container\\Util::unwrapIfClosure(Object(Closure))
#9 /Users/ilxomjonabdullayev/Public/Projects/statups/open-sales/pos-desktop/vendor/laravel/framework/src/Illuminate/Container/BoundMethod.php(35): Illuminate\\Container\\BoundMethod::callBoundMethod(Object(Illuminate\\Foundation\\Application), Array, Object(Closure))
#10 /Users/ilxomjonabdullayev/Public/Projects/statups/open-sales/pos-desktop/vendor/laravel/framework/src/Illuminate/Container/Container.php(799): Illuminate\\Container\\BoundMethod::call(Object(Illuminate\\Foundation\\Application), Array, Array, NULL)
#11 /Users/ilxomjonabdullayev/Public/Projects/statups/open-sales/pos-desktop/vendor/laravel/framework/src/Illuminate/Console/Command.php(211): Illuminate\\Container\\Container->call(Array)
#12 /Users/ilxomjonabdullayev/Public/Projects/statups/open-sales/pos-desktop/vendor/symfony/console/Command/Command.php(341): Illuminate\\Console\\Command->execute(Object(Symfony\\Component\\Console\\Input\\ArgvInput), Object(Illuminate\\Console\\OutputStyle))
#13 /Users/ilxomjonabdullayev/Public/Projects/statups/open-sales/pos-desktop/vendor/laravel/framework/src/Illuminate/Console/Command.php(180): Symfony\\Component\\Console\\Command\\Command->run(Object(Symfony\\Component\\Console\\Input\\ArgvInput), Object(Illuminate\\Console\\OutputStyle))
#14 /Users/ilxomjonabdullayev/Public/Projects/statups/open-sales/pos-desktop/vendor/symfony/console/Application.php(1117): Illuminate\\Console\\Command->run(Object(Symfony\\Component\\Console\\Input\\ArgvInput), Object(Symfony\\Component\\Console\\Output\\ConsoleOutput))
#15 /Users/ilxomjonabdullayev/Public/Projects/statups/open-sales/pos-desktop/vendor/symfony/console/Application.php(356): Symfony\\Component\\Console\\Application->doRunCommand(Object(Native\\Electron\\Commands\\DevelopCommand), Object(Symfony\\Component\\Console\\Input\\ArgvInput), Object(Symfony\\Component\\Console\\Output\\ConsoleOutput))
#16 /Users/ilxomjonabdullayev/Public/Projects/statups/open-sales/pos-desktop/vendor/symfony/console/Application.php(195): Symfony\\Component\\Console\\Application->doRun(Object(Symfony\\Component\\Console\\Input\\ArgvInput), Object(Symfony\\Component\\Console\\Output\\ConsoleOutput))
#17 /Users/ilxomjonabdullayev/Public/Projects/statups/open-sales/pos-desktop/vendor/laravel/framework/src/Illuminate/Foundation/Console/Kernel.php(198): Symfony\\Component\\Console\\Application->run(Object(Symfony\\Component\\Console\\Input\\ArgvInput), Object(Symfony\\Component\\Console\\Output\\ConsoleOutput))
#18 /Users/ilxomjonabdullayev/Public/Projects/statups/open-sales/pos-desktop/vendor/laravel/framework/src/Illuminate/Foundation/Application.php(1235): Illuminate\\Foundation\\Console\\Kernel->handle(Object(Symfony\\Component\\Console\\Input\\ArgvInput), Object(Symfony\\Component\\Console\\Output\\ConsoleOutput))
#19 /Users/ilxomjonabdullayev/Public/Projects/statups/open-sales/pos-desktop/artisan(16): Illuminate\\Foundation\\Application->handleCommand(Object(Symfony\\Component\\Console\\Input\\ArgvInput))
#20 {main}
"} 
